timestamp: 2014-10-11T00:30:18.886241
CREATE TABLE auth_user(
    id INTEGER PRIMARY KEY AUTOINCREMENT,
    first_name CHAR(128),
    last_name CHAR(128),
    email CHAR(512),
    password CHAR(512),
    registration_key CHAR(512),
    reset_password_key CHAR(512),
    registration_id CHAR(512),
    address CHAR(512),
    city CHAR(512),
    region CHAR(512),
    country CHAR(512),
    phone_number CHAR(512),
    student_code CHAR(512),
    is_administrator CHAR(1),
    is_teacher CHAR(1),
    is_student CHAR(1)
);
timestamp: 2014-10-11T00:30:33.411009
CREATE TABLE auth_user(
    id INTEGER PRIMARY KEY AUTOINCREMENT,
    first_name CHAR(128),
    last_name CHAR(128),
    email CHAR(512),
    password CHAR(512),
    registration_key CHAR(512),
    reset_password_key CHAR(512),
    registration_id CHAR(512),
    address CHAR(512),
    city CHAR(512),
    region CHAR(512),
    country CHAR(512),
    phone_number CHAR(512),
    student_code CHAR(512),
    is_administrator CHAR(1),
    is_teacher CHAR(1),
    is_student CHAR(1)
);
